<?xml version="1.0" encoding="UTF-8"?>
<!-- Generated by org.testng.reporters.JUnitReportReporter -->
<testsuite hostname="Geetika" failures="0" tests="1" name="seleniumexp.SeleniumExample$TestHelloworld" time="0.008" errors="0" timestamp="2021-09-28T19:36:24 IST" skipped="0">
  <testcase classname="seleniumexp.SeleniumExample$TestHelloworld" name="testhelloworld" time="0.008"/>
  <system-out/>
</testsuite> <!-- seleniumexp.SeleniumExample$TestHelloworld -->
