<?xml version="1.0" encoding="UTF-8"?>
<!-- Generated by org.testng.reporters.JUnitReportReporter -->
<testsuite hostname="Geetika" failures="0" tests="2" name="seleniumexp.SeleniumExample" time="4.167" errors="0" timestamp="2021-09-28T21:37:34 IST" skipped="0">
  <testcase classname="seleniumexp.SeleniumExample" name="testHelloWorld2" time="4.159"/>
  <system-out/>
  <testcase classname="seleniumexp.SeleniumExample" name="testHelloWorld" time="0.008"/>
  <system-out/>
</testsuite> <!-- seleniumexp.SeleniumExample -->
